<?xml version="1.0" encoding="UTF-8"?>
<!-- Generated by org.testng.reporters.JUnitReportReporter -->
<testsuite skipped="0" hostname="Maria-VAIO" name="com.aws.devicefarm.example.appiumandroidtest.SampleAppiumTestNGTest" tests="1" failures="0" timestamp="09 Oct 2017 20:07:13 GMT" time="177.010" errors="1">
  <testcase name="Iniciar" time="177.010" classname="com.aws.devicefarm.example.appiumandroidtest.SampleAppiumTestNGTest">
    <error type="org.openqa.selenium.NoSuchElementException" message="An element could not be located on the page using the given search parameters. (WARNING: The server did not provide any stacktrace information)
Command duration or timeout: 0 milliseconds
For documentation on this error, please visit: http://seleniumhq.org/exceptions/no_such_element.html
Build info: version: &#039;3.5.3&#039;, revision: &#039;a88d25fe6b&#039;, time: &#039;2017-08-29T12:54:15.039Z&#039;
System info: host: &#039;MARIA-VAIO&#039;, ip: &#039;10.157.234.110&#039;, os.name: &#039;Windows 7&#039;, os.arch: &#039;amd64&#039;, os.version: &#039;6.1&#039;, java.version: &#039;1.8.0_144&#039;
Driver info: io.appium.java_client.android.AndroidDriver
Capabilities [{app=C:\Users\Leo\Desktop\FOX Sports_com.fic.foxsports.apk, appPackage=com.fic.foxsports, deviceScreenSize=480x854, networkConnectionEnabled=true, warnings={}, appWaitPackage=com.fic.foxsports, appWaitActivity=com.fox.olympics.activies.SplashActivity, databaseEnabled=false, deviceName=EA0MX1E0100E2H19K67, platform=LINUX, deviceUDID=EA0MX1E0100E2H19K67, appActivity=com.fox.olympics.activies.SplashActivity, desired={app=C:\Users\Leo\Desktop\FOX Sports_com.fic.foxsports.apk, platformVersion=6.0, platformName=Android, deviceName=EA0MX1E0100E2H19K67}, platformVersion=6.0, webStorageEnabled=false, locationContextEnabled=false, takesScreenshot=true, javascriptEnabled=true, deviceModel=HM-G303-W, deviceManufacturer=Haier, platformName=LINUX}]
Session ID: 01404267-88d2-4490-8a22-8fdde0813edc
*** Element info: {Using=-android uiautomator, value=new UiScrollable(new UiSelector().resourceId(&quot;com.fic.foxsports:id/scroll&quot;)).scrollIntoView(new UiSelector().description(&quot;· Volver al top&quot;));}">
      <![CDATA[org.openqa.selenium.NoSuchElementException: An element could not be located on the page using the given search parameters. (WARNING: The server did not provide any stacktrace information)
Command duration or timeout: 0 milliseconds
For documentation on this error, please visit: http://seleniumhq.org/exceptions/no_such_element.html
Build info: version: '3.5.3', revision: 'a88d25fe6b', time: '2017-08-29T12:54:15.039Z'
System info: host: 'MARIA-VAIO', ip: '10.157.234.110', os.name: 'Windows 7', os.arch: 'amd64', os.version: '6.1', java.version: '1.8.0_144'
Driver info: io.appium.java_client.android.AndroidDriver
Capabilities [{app=C:\Users\Leo\Desktop\FOX Sports_com.fic.foxsports.apk, appPackage=com.fic.foxsports, deviceScreenSize=480x854, networkConnectionEnabled=true, warnings={}, appWaitPackage=com.fic.foxsports, appWaitActivity=com.fox.olympics.activies.SplashActivity, databaseEnabled=false, deviceName=EA0MX1E0100E2H19K67, platform=LINUX, deviceUDID=EA0MX1E0100E2H19K67, appActivity=com.fox.olympics.activies.SplashActivity, desired={app=C:\Users\Leo\Desktop\FOX Sports_com.fic.foxsports.apk, platformVersion=6.0, platformName=Android, deviceName=EA0MX1E0100E2H19K67}, platformVersion=6.0, webStorageEnabled=false, locationContextEnabled=false, takesScreenshot=true, javascriptEnabled=true, deviceModel=HM-G303-W, deviceManufacturer=Haier, platformName=LINUX}]
Session ID: 01404267-88d2-4490-8a22-8fdde0813edc
*** Element info: {Using=-android uiautomator, value=new UiScrollable(new UiSelector().resourceId("com.fic.foxsports:id/scroll")).scrollIntoView(new UiSelector().description("· Volver al top"));}
	at sun.reflect.NativeConstructorAccessorImpl.newInstance0(Native Method)
	at sun.reflect.NativeConstructorAccessorImpl.newInstance(Unknown Source)
	at sun.reflect.DelegatingConstructorAccessorImpl.newInstance(Unknown Source)
	at java.lang.reflect.Constructor.newInstance(Unknown Source)
	at org.openqa.selenium.remote.ErrorHandler.createThrowable(ErrorHandler.java:215)
	at org.openqa.selenium.remote.ErrorHandler.throwIfResponseFailed(ErrorHandler.java:167)
	at org.openqa.selenium.remote.http.JsonHttpResponseCodec.reconstructValue(JsonHttpResponseCodec.java:40)
	at org.openqa.selenium.remote.http.AbstractHttpResponseCodec.decode(AbstractHttpResponseCodec.java:82)
	at org.openqa.selenium.remote.http.AbstractHttpResponseCodec.decode(AbstractHttpResponseCodec.java:45)
	at org.openqa.selenium.remote.HttpCommandExecutor.execute(HttpCommandExecutor.java:164)
	at io.appium.java_client.remote.AppiumCommandExecutor.execute(AppiumCommandExecutor.java:89)
	at org.openqa.selenium.remote.RemoteWebDriver.execute(RemoteWebDriver.java:646)
	at io.appium.java_client.DefaultGenericMobileDriver.execute(DefaultGenericMobileDriver.java:42)
	at io.appium.java_client.AppiumDriver.execute(AppiumDriver.java:1)
	at io.appium.java_client.android.AndroidDriver.execute(AndroidDriver.java:1)
	at org.openqa.selenium.remote.RemoteWebDriver.findElement(RemoteWebDriver.java:416)
	at io.appium.java_client.DefaultGenericMobileDriver.findElement(DefaultGenericMobileDriver.java:62)
	at io.appium.java_client.AppiumDriver.findElement(AppiumDriver.java:1)
	at io.appium.java_client.android.AndroidDriver.findElement(AndroidDriver.java:1)
	at io.appium.java_client.FindsByAndroidUIAutomator.findElementByAndroidUIAutomator(FindsByAndroidUIAutomator.java:32)
	at com.aws.devicefarm.example.appiumandroidtest.SampleAppiumTestNGTest.Legales(SampleAppiumTestNGTest.java:225)
	at com.aws.devicefarm.example.appiumandroidtest.SampleAppiumTestNGTest.Iniciar(SampleAppiumTestNGTest.java:74)
	at sun.reflect.NativeMethodAccessorImpl.invoke0(Native Method)
	at sun.reflect.NativeMethodAccessorImpl.invoke(Unknown Source)
	at sun.reflect.DelegatingMethodAccessorImpl.invoke(Unknown Source)
	at java.lang.reflect.Method.invoke(Unknown Source)
	at org.testng.internal.MethodInvocationHelper.invokeMethod(MethodInvocationHelper.java:108)
	at org.testng.internal.Invoker.invokeMethod(Invoker.java:669)
	at org.testng.internal.Invoker.invokeTestMethod(Invoker.java:877)
	at org.testng.internal.Invoker.invokeTestMethods(Invoker.java:1201)
	at org.testng.internal.TestMethodWorker.invokeTestMethods(TestMethodWorker.java:125)
	at org.testng.internal.TestMethodWorker.run(TestMethodWorker.java:109)
	at org.testng.TestRunner.privateRun(TestRunner.java:776)
	at org.testng.TestRunner.run(TestRunner.java:634)
	at org.testng.SuiteRunner.runTest(SuiteRunner.java:425)
	at org.testng.SuiteRunner.runSequentially(SuiteRunner.java:420)
	at org.testng.SuiteRunner.privateRun(SuiteRunner.java:385)
	at org.testng.SuiteRunner.run(SuiteRunner.java:334)
	at org.testng.SuiteRunnerWorker.runSuite(SuiteRunnerWorker.java:52)
	at org.testng.SuiteRunnerWorker.run(SuiteRunnerWorker.java:86)
	at org.testng.TestNG.runSuitesSequentially(TestNG.java:1318)
	at org.testng.TestNG.runSuitesLocally(TestNG.java:1243)
	at org.testng.TestNG.runSuites(TestNG.java:1161)
	at org.testng.TestNG.run(TestNG.java:1129)
	at org.testng.remote.AbstractRemoteTestNG.run(AbstractRemoteTestNG.java:114)
	at org.testng.remote.RemoteTestNG.initAndRun(RemoteTestNG.java:251)
	at org.testng.remote.RemoteTestNG.main(RemoteTestNG.java:77)
]]>
    </error>
  </testcase> <!-- Iniciar -->
</testsuite> <!-- com.aws.devicefarm.example.appiumandroidtest.SampleAppiumTestNGTest -->
